<?xml version="1.0" encoding="UTF-8"?>
<!-- Generated by org.testng.reporters.JUnitReportReporter -->
<testsuite hostname="JayaBalaram" failures="0" tests="4" name="Pkg1.TC010_Groups" time="0.004" errors="0" timestamp="2025-08-28T15:00:43 IST" skipped="0">
  <testcase classname="Pkg1.TC010_Groups" name="test3" time="0.000"/>
  <system-out/>
  <testcase classname="Pkg1.TC010_Groups" name="test1" time="0.004"/>
  <system-out/>
  <testcase classname="Pkg1.TC010_Groups" name="test2" time="0.000"/>
  <system-out/>
  <testcase classname="Pkg1.TC010_Groups" name="test4" time="0.000"/>
  <system-out/>
</testsuite> <!-- Pkg1.TC010_Groups -->
