<?xml version="1.0" encoding="UTF-8"?>
<!-- Generated by org.testng.reporters.JUnitReportReporter -->
<testsuite hostname="JayaBalaram" failures="0" tests="1" name="Pkg1.TC009_TestNG2" time="0.000" errors="0" timestamp="2025-08-28T15:00:43 IST" skipped="1">
  <testcase classname="Pkg1.TC009_TestNG2" name="f" time="0.000">
    <skipped/>
  </testcase> <!-- f -->
  <system-out/>
</testsuite> <!-- Pkg1.TC009_TestNG2 -->
