<?xml version="1.0" encoding="UTF-8"?>
<!-- Generated by org.testng.reporters.JUnitReportReporter -->
<testsuite hostname="JayaBalaram" failures="0" tests="1" name="Pkg1.Lab08_TestNg_Lab04" time="15.385" errors="0" timestamp="2025-08-26T12:54:48 IST" skipped="0">
  <testcase classname="Pkg1.Lab08_TestNg_Lab04" name="f" time="15.385"/>
  <system-out/>
</testsuite> <!-- Pkg1.Lab08_TestNg_Lab04 -->
