<?xml version="1.0" encoding="UTF-8"?>
<!-- Generated by org.testng.reporters.JUnitReportReporter -->
<testsuite hostname="JayaBalaram" failures="0" tests="1" name="Pkg1.TC_Screenshot" time="11.452" errors="0" timestamp="2025-08-29T10:47:26 IST" skipped="0">
  <testcase classname="Pkg1.TC_Screenshot" name="screenshottest" time="11.452"/>
  <system-out/>
</testsuite> <!-- Pkg1.TC_Screenshot -->
